Using pre-set license
Built from '2020.3/release' branch; Version is '2020.3.12f1 (b3b2c6512326) revision 11776710'; Using compiler version '192528614'; Build Type 'Release'
OS: 'Windows 10 Home; OS build 19045.2364; Version 2009; 64bit' Language: 'sv' Physical Memory: 8063 MB
BatchMode: 1, IsHumanControllingUs: 0, StartBugReporterOnCrash: 0, Is64bit: 1, IsPro: 0

 COMMAND LINE ARGUMENTS:
C:\Program Files\Unity\2020.3.12f1\Editor\Unity.exe
-adb2
-batchMode
-noUpm
-name
AssetImportWorker0
-projectPath
E:/Spelutveckling/LD52Project/LD52Harvest
-logFile
Logs/AssetImportWorker0.log
-srvPort
53532
Successfully changed project path to: E:/Spelutveckling/LD52Project/LD52Harvest
E:/Spelutveckling/LD52Project/LD52Harvest
Using Asset Import Pipeline V2.
Refreshing native plugins compatible for Editor in 52.54 ms, found 3 plugins.
Preloading 0 native plugins for Editor in 0.00 ms.
Initialize engine version: 2020.3.12f1 (b3b2c6512326)
[Subsystems] Discovering subsystems at path C:/Program Files/Unity/2020.3.12f1/Editor/Data/Resources/UnitySubsystems
[Subsystems] Discovering subsystems at path E:/Spelutveckling/LD52Project/LD52Harvest/Assets
GfxDevice: creating device client; threaded=0
Direct3D:
    Version:  Direct3D 11.0 [level 11.1]
    Renderer: Intel(R) HD Graphics 630 (ID=0x5912)
    Vendor:   
    VRAM:     4031 MB
    Driver:   31.0.101.2112
Initialize mono
Mono path[0] = 'C:/Program Files/Unity/2020.3.12f1/Editor/Data/Managed'
Mono path[1] = 'C:/Program Files/Unity/2020.3.12f1/Editor/Data/MonoBleedingEdge/lib/mono/unityjit'
Mono config path = 'C:/Program Files/Unity/2020.3.12f1/Editor/Data/MonoBleedingEdge/etc'
Using monoOptions --debugger-agent=transport=dt_socket,embedding=1,server=y,suspend=n,address=127.0.0.1:56908
Begin MonoManager ReloadAssembly
Registering precompiled unity dll's ...
Register platform support module: C:/Program Files/Unity/2020.3.12f1/Editor/Data/PlaybackEngines/WebGLSupport/UnityEditor.WebGL.Extensions.dll
Register platform support module: C:/Program Files/Unity/2020.3.12f1/Editor/Data/PlaybackEngines/WindowsStandaloneSupport/UnityEditor.WindowsStandalone.Extensions.dll
Registered in 0.006291 seconds.
Native extension for WindowsStandalone target not found
Native extension for WebGL target not found
Refreshing native plugins compatible for Editor in 61.38 ms, found 3 plugins.
Preloading 0 native plugins for Editor in 0.00 ms.
Mono: successfully reloaded assembly
- Completed reload, in  1.824 seconds
Platform modules already initialized, skipping
Registering precompiled user dll's ...
Registered in 0.006886 seconds.
Begin MonoManager ReloadAssembly
Native extension for WindowsStandalone target not found
Native extension for WebGL target not found
Refreshing native plugins compatible for Editor in 51.93 ms, found 3 plugins.
Preloading 0 native plugins for Editor in 0.00 ms.
Mono: successfully reloaded assembly
- Completed reload, in  1.479 seconds
Platform modules already initialized, skipping
========================================================================
Worker process is ready to serve import requests
Launched and connected shader compiler UnityShaderCompiler.exe after 0.07 seconds
Refreshing native plugins compatible for Editor in 0.47 ms, found 3 plugins.
Preloading 0 native plugins for Editor in 0.00 ms.
Unloading 2095 Unused Serialized files (Serialized files now loaded: 0)
System memory in use before: 95.2 MB.
System memory in use after: 95.3 MB.

Unloading 29 unused Assets to reduce memory usage. Loaded Objects now: 2533.
Total: 2.777500 ms (FindLiveObjects: 0.244600 ms CreateObjectMapping: 0.115900 ms MarkObjects: 2.297200 ms  DeleteObjects: 0.118600 ms)

AssetImportParameters requested are different than current active one (requested -> active):
  custom:framework-win-MediaFoundation: 216162199b28c13a410421893ffa2e32 -> 
  custom:video-decoder-ogg-theora: a1e56fd34408186e4bbccfd4996cb3dc -> 
  custom:container-muxer-webm: aa71ff27fc2769a1b78a27578f13a17b -> 
  custom:container-demuxer-webm: 4f35f7cbe854078d1ac9338744f61a02 -> 
  custom:container-demuxer-ogg: 62fdf1f143b41e24485cea50d1cbac27 -> 
  custom:video-encoder-webm-vp8: eb34c28f22e8b96e1ab97ce403110664 -> 
  custom:video-codec-MediaFoundation-h265: 746d11721c4dcdbdad8f713fa42b33f4 -> 
  custom:video-decoder-webm-vp8: 9c59270c3fd7afecdb556c50c9e8de78 -> 
  custom:audio-decoder-ogg-vorbis: bf7c407c2cedff20999df2af8eb42d56 -> 
  custom:audio-encoder-webm-vorbis: bf7c407c2cedff20999df2af8eb42d56 -> 
========================================================================
Received Import Request.
  path: Assets/Animation/Farmer
  artifactKey: Guid(0d457a162cfe7cf4885f60ca1e530631) Importer(815301076,1909f56bfc062723c751e8b465ee728b)
Start importing Assets/Animation/Farmer using Guid(0d457a162cfe7cf4885f60ca1e530631) Importer(815301076,1909f56bfc062723c751e8b465ee728b)  -> (artifact id: '22485102a91cd1fa7ed87fda0890e116') in 0.005232 seconds 
  Import took 0.008581 seconds .

========================================================================
Received Import Request.
  Time since last request: 1.890591 seconds.
  path: Assets/Animation/Farmer/FarmerAnimator.controller
  artifactKey: Guid(487c02c400c4d78428e9069dc9485ebf) Importer(815301076,1909f56bfc062723c751e8b465ee728b)
Start importing Assets/Animation/Farmer/FarmerAnimator.controller using Guid(487c02c400c4d78428e9069dc9485ebf) Importer(815301076,1909f56bfc062723c751e8b465ee728b)  -> (artifact id: 'e3f4caf724f706765124e55b00422c3a') in 0.056338 seconds 
  Import took 0.062296 seconds .

========================================================================
Received Import Request.
  Time since last request: 152.116617 seconds.
  path: Assets/Animation/Farmer/FarmerIdle.anim
  artifactKey: Guid(f2a0ce4d6eb6e5a4e85423284cd7d3cf) Importer(815301076,1909f56bfc062723c751e8b465ee728b)
Start importing Assets/Animation/Farmer/FarmerIdle.anim using Guid(f2a0ce4d6eb6e5a4e85423284cd7d3cf) Importer(815301076,1909f56bfc062723c751e8b465ee728b)  -> (artifact id: '7e81c52d6d44036eedbfd74bcd6b6360') in 0.006293 seconds 
  Import took 0.011281 seconds .

========================================================================
Received Import Request.
  Time since last request: 0.009894 seconds.
  path: Assets/Animation/Farmer/FarmerIdle.anim
  artifactKey: Guid(f2a0ce4d6eb6e5a4e85423284cd7d3cf) Importer(815301076,1909f56bfc062723c751e8b465ee728b)
Start importing Assets/Animation/Farmer/FarmerIdle.anim using Guid(f2a0ce4d6eb6e5a4e85423284cd7d3cf) Importer(815301076,1909f56bfc062723c751e8b465ee728b)  -> (artifact id: '7e81c52d6d44036eedbfd74bcd6b6360') in 0.004400 seconds 
  Import took 0.008683 seconds .

========================================================================
Received Import Request.
  Time since last request: 4.822411 seconds.
  path: Assets/Animation/Farmer/FarmerHeadIdle.anim
  artifactKey: Guid(f2a0ce4d6eb6e5a4e85423284cd7d3cf) Importer(815301076,1909f56bfc062723c751e8b465ee728b)
Start importing Assets/Animation/Farmer/FarmerHeadIdle.anim using Guid(f2a0ce4d6eb6e5a4e85423284cd7d3cf) Importer(815301076,1909f56bfc062723c751e8b465ee728b)  -> (artifact id: 'bd6419c3ff85ede810db0ee5d10685e0') in 0.005586 seconds 
  Import took 0.010313 seconds .

========================================================================
Received Import Request.
  Time since last request: 12.989983 seconds.
  path: Assets/Animation/Farmer/FarmerAnimator.controller
  artifactKey: Guid(487c02c400c4d78428e9069dc9485ebf) Importer(815301076,1909f56bfc062723c751e8b465ee728b)
Start importing Assets/Animation/Farmer/FarmerAnimator.controller using Guid(487c02c400c4d78428e9069dc9485ebf) Importer(815301076,1909f56bfc062723c751e8b465ee728b)  -> (artifact id: '3f70f20c065e82fc0bd09dc8ce089463') in 0.005866 seconds 
  Import took 0.009722 seconds .

========================================================================
Received Import Request.
  Time since last request: 294.734133 seconds.
  path: Assets/Animation/Farmer/FarmerBodyWalk.anim
  artifactKey: Guid(749edaa635d74f7458abfb475c2e5c71) Importer(815301076,1909f56bfc062723c751e8b465ee728b)
Start importing Assets/Animation/Farmer/FarmerBodyWalk.anim using Guid(749edaa635d74f7458abfb475c2e5c71) Importer(815301076,1909f56bfc062723c751e8b465ee728b)  -> (artifact id: 'cf411585254ce43a0681f74675e7176d') in 0.003997 seconds 
  Import took 0.011781 seconds .

========================================================================
Received Import Request.
  Time since last request: 0.004946 seconds.
  path: Assets/Animation/Farmer/FarmerBodyWalk.anim
  artifactKey: Guid(749edaa635d74f7458abfb475c2e5c71) Importer(815301076,1909f56bfc062723c751e8b465ee728b)
Start importing Assets/Animation/Farmer/FarmerBodyWalk.anim using Guid(749edaa635d74f7458abfb475c2e5c71) Importer(815301076,1909f56bfc062723c751e8b465ee728b)  -> (artifact id: 'cf411585254ce43a0681f74675e7176d') in 0.004512 seconds 
  Import took 0.010424 seconds .

========================================================================
Received Prepare
Registering precompiled user dll's ...
Registered in 0.013378 seconds.
Begin MonoManager ReloadAssembly
Native extension for WindowsStandalone target not found
Native extension for WebGL target not found
Refreshing native plugins compatible for Editor in 0.48 ms, found 3 plugins.
Preloading 0 native plugins for Editor in 0.00 ms.
Mono: successfully reloaded assembly
- Completed reload, in  1.270 seconds
Platform modules already initialized, skipping
Refreshing native plugins compatible for Editor in 0.46 ms, found 3 plugins.
Preloading 0 native plugins for Editor in 0.00 ms.
Unloading 2074 Unused Serialized files (Serialized files now loaded: 0)
System memory in use before: 93.7 MB.
System memory in use after: 93.7 MB.

Unloading 18 unused Assets to reduce memory usage. Loaded Objects now: 2537.
Total: 2.943500 ms (FindLiveObjects: 0.173300 ms CreateObjectMapping: 0.068800 ms MarkObjects: 2.578700 ms  DeleteObjects: 0.121600 ms)

AssetImportParameters requested are different than current active one (requested -> active):
  custom:framework-win-MediaFoundation: 216162199b28c13a410421893ffa2e32 -> 
  custom:video-decoder-ogg-theora: a1e56fd34408186e4bbccfd4996cb3dc -> 
  custom:container-muxer-webm: aa71ff27fc2769a1b78a27578f13a17b -> 
  custom:container-demuxer-webm: 4f35f7cbe854078d1ac9338744f61a02 -> 
  custom:container-demuxer-ogg: 62fdf1f143b41e24485cea50d1cbac27 -> 
  custom:video-encoder-webm-vp8: eb34c28f22e8b96e1ab97ce403110664 -> 
  custom:video-codec-MediaFoundation-h265: 746d11721c4dcdbdad8f713fa42b33f4 -> 
  custom:video-decoder-webm-vp8: 9c59270c3fd7afecdb556c50c9e8de78 -> 
  custom:audio-decoder-ogg-vorbis: bf7c407c2cedff20999df2af8eb42d56 -> 
  custom:audio-encoder-webm-vorbis: bf7c407c2cedff20999df2af8eb42d56 -> 
========================================================================
Received Prepare
Registering precompiled user dll's ...
Registered in 0.005138 seconds.
Begin MonoManager ReloadAssembly
Native extension for WindowsStandalone target not found
Native extension for WebGL target not found
Refreshing native plugins compatible for Editor in 0.47 ms, found 3 plugins.
Preloading 0 native plugins for Editor in 0.00 ms.
Mono: successfully reloaded assembly
- Completed reload, in  1.289 seconds
Platform modules already initialized, skipping
Refreshing native plugins compatible for Editor in 0.62 ms, found 3 plugins.
Preloading 0 native plugins for Editor in 0.00 ms.
Unloading 2074 Unused Serialized files (Serialized files now loaded: 0)
System memory in use before: 93.7 MB.
System memory in use after: 93.8 MB.

Unloading 18 unused Assets to reduce memory usage. Loaded Objects now: 2541.
Total: 2.902000 ms (FindLiveObjects: 0.277800 ms CreateObjectMapping: 0.107600 ms MarkObjects: 2.423100 ms  DeleteObjects: 0.092300 ms)

AssetImportParameters requested are different than current active one (requested -> active):
  custom:framework-win-MediaFoundation: 216162199b28c13a410421893ffa2e32 -> 
  custom:video-decoder-ogg-theora: a1e56fd34408186e4bbccfd4996cb3dc -> 
  custom:container-muxer-webm: aa71ff27fc2769a1b78a27578f13a17b -> 
  custom:container-demuxer-webm: 4f35f7cbe854078d1ac9338744f61a02 -> 
  custom:container-demuxer-ogg: 62fdf1f143b41e24485cea50d1cbac27 -> 
  custom:video-encoder-webm-vp8: eb34c28f22e8b96e1ab97ce403110664 -> 
  custom:video-codec-MediaFoundation-h265: 746d11721c4dcdbdad8f713fa42b33f4 -> 
  custom:video-decoder-webm-vp8: 9c59270c3fd7afecdb556c50c9e8de78 -> 
  custom:audio-decoder-ogg-vorbis: bf7c407c2cedff20999df2af8eb42d56 -> 
  custom:audio-encoder-webm-vorbis: bf7c407c2cedff20999df2af8eb42d56 -> 
========================================================================
Received Prepare
Registering precompiled user dll's ...
Registered in 0.004567 seconds.
Begin MonoManager ReloadAssembly
Native extension for WindowsStandalone target not found
Native extension for WebGL target not found
Refreshing native plugins compatible for Editor in 0.56 ms, found 3 plugins.
Preloading 0 native plugins for Editor in 0.00 ms.
Mono: successfully reloaded assembly
- Completed reload, in  1.329 seconds
Platform modules already initialized, skipping
Refreshing native plugins compatible for Editor in 0.51 ms, found 3 plugins.
Preloading 0 native plugins for Editor in 0.00 ms.
Unloading 2075 Unused Serialized files (Serialized files now loaded: 0)
System memory in use before: 93.7 MB.
System memory in use after: 93.8 MB.

Unloading 18 unused Assets to reduce memory usage. Loaded Objects now: 2546.
Total: 2.860800 ms (FindLiveObjects: 0.242700 ms CreateObjectMapping: 0.207300 ms MarkObjects: 2.290000 ms  DeleteObjects: 0.119700 ms)

AssetImportParameters requested are different than current active one (requested -> active):
  custom:framework-win-MediaFoundation: 216162199b28c13a410421893ffa2e32 -> 
  custom:video-decoder-ogg-theora: a1e56fd34408186e4bbccfd4996cb3dc -> 
  custom:container-muxer-webm: aa71ff27fc2769a1b78a27578f13a17b -> 
  custom:container-demuxer-webm: 4f35f7cbe854078d1ac9338744f61a02 -> 
  custom:container-demuxer-ogg: 62fdf1f143b41e24485cea50d1cbac27 -> 
  custom:video-encoder-webm-vp8: eb34c28f22e8b96e1ab97ce403110664 -> 
  custom:video-codec-MediaFoundation-h265: 746d11721c4dcdbdad8f713fa42b33f4 -> 
  custom:video-decoder-webm-vp8: 9c59270c3fd7afecdb556c50c9e8de78 -> 
  custom:audio-decoder-ogg-vorbis: bf7c407c2cedff20999df2af8eb42d56 -> 
  custom:audio-encoder-webm-vorbis: bf7c407c2cedff20999df2af8eb42d56 -> 
AssetImportWorkerClient::OnTransportError - code=2 error=End of file
